<?xml version="1.0" encoding="UTF-8"?>
<!-- Generated by org.testng.reporters.JUnitReportReporter -->
<testsuite skipped="0" hostname="DESKTOP-SQIIQB8" name="com.testcases.SignInPage" tests="1" failures="0" timestamp="08 May 2020 09:00:49 GMT" time="2.696" errors="0">
  <testcase name="signInPage" time="2.696" classname="com.testcases.SignInPage"/>
</testsuite> <!-- com.testcases.SignInPage -->
